<?xml version="1.0" encoding="UTF-8"?>
<testng-results ignored="0" total="1" passed="1" failed="0" skipped="0">
  <reporter-output>
  </reporter-output>
  <suite started-at="2021-07-13T14:47:49Z" name="Default suite" finished-at="2021-07-13T14:47:50Z" duration-ms="43">
    <groups>
    </groups>
    <test started-at="2021-07-13T14:47:49Z" name="Default test" finished-at="2021-07-13T14:47:50Z" duration-ms="43">
      <class name="com.qa.tests.LoginTest">
        <test-method signature="test1()[pri:0, instance:com.qa.tests.LoginTest@3e6f3f28]" started-at="2021-07-13T20:17:50Z" name="test1" finished-at="2021-07-13T20:17:50Z" duration-ms="13" status="PASS">
          <reporter-output>
          </reporter-output>
        </test-method> <!-- test1 -->
      </class> <!-- com.qa.tests.LoginTest -->
    </test> <!-- Default test -->
  </suite> <!-- Default suite -->
</testng-results>
